# JRE version: OpenJDK Runtime Environment (17.0.6) (build 17.0.6+0-b2043.56-10027231)
# Java VM: OpenJDK 64-Bit Server VM (17.0.6+0-b2043.56-10027231, mixed mode, tiered, compressed oops, compressed class ptrs, g1 gc, windows-amd64)
GC Precious Log:
 CPUs: 8 total, 8 available
 Memory: 16151M
 Large Page Support: Disabled
 NUMA Support: Disabled
 Compressed Oops: Enabled (32-bit)
 Heap Region Size: 1M
 Heap Min Capacity: 8M
 Heap Initial Capacity: 254M
 Heap Max Capacity: 1536M
 Pre-touch: Disabled
 Parallel Workers: 8
 Concurrent Workers: 2
 Concurrent Refinement Workers: 8
 Periodic GC: Disabled
Heap:
 garbage-first heap   total 160768K, used 53073K [0x00000000a0000000, 0x0000000100000000)
  region size 1024K, 5 young (5120K), 2 survivors (2048K)
 Metaspace       used 60418K, committed 60864K, reserved 1105920K
  class space    used 7908K, committed 8064K, reserved 1048576K
GC Heap History (20 events):
Event: 6.190 GC heap before
{Heap before GC invocations=4 (full 0):
 garbage-first heap   total 61440K, used 45832K [0x00000000a0000000, 0x0000000100000000)
  region size 1024K, 36 young (36864K), 8 survivors (8192K)
 Metaspace       used 26080K, committed 26304K, reserved 1073152K
  class space    used 3413K, committed 3520K, reserved 1048576K
}
Event: 6.198 GC heap after
{Heap after GC invocations=5 (full 0):
 garbage-first heap   total 61440K, used 18762K [0x00000000a0000000, 0x0000000100000000)
  region size 1024K, 2 young (2048K), 2 survivors (2048K)
 Metaspace       used 26080K, committed 26304K, reserved 1073152K
  class space    used 3413K, committed 3520K, reserved 1048576K
}
Event: 6.231 GC heap before
{Heap before GC invocations=5 (full 0):
 garbage-first heap   total 61440K, used 19786K [0x00000000a0000000, 0x0000000100000000)
  region size 1024K, 3 young (3072K), 2 survivors (2048K)
 Metaspace       used 26120K, committed 26368K, reserved 1073152K
  class space    used 3417K, committed 3520K, reserved 1048576K
}
Event: 6.237 GC heap after
{Heap after GC invocations=6 (full 0):
 garbage-first heap   total 61440K, used 19163K [0x00000000a0000000, 0x0000000100000000)
  region size 1024K, 1 young (1024K), 1 survivors (1024K)
 Metaspace       used 26120K, committed 26368K, reserved 1073152K
  class space    used 3417K, committed 3520K, reserved 1048576K
}
Event: 7.747 GC heap before
{Heap before GC invocations=6 (full 0):
 garbage-first heap   total 61440K, used 41691K [0x00000000a0000000, 0x0000000100000000)
  region size 1024K, 24 young (24576K), 1 survivors (1024K)
 Metaspace       used 29858K, committed 30144K, reserved 1081344K
  class space    used 4013K, committed 4160K, reserved 1048576K
}
Event: 7.751 GC heap after
{Heap after GC invocations=7 (full 0):
 garbage-first heap   total 61440K, used 20183K [0x00000000a0000000, 0x0000000100000000)
  region size 1024K, 2 young (2048K), 2 survivors (2048K)
 Metaspace       used 29858K, committed 30144K, reserved 1081344K
  class space    used 4013K, committed 4160K, reserved 1048576K
}
Event: 8.726 GC heap before
{Heap before GC invocations=7 (full 0):
 garbage-first heap   total 61440K, used 43735K [0x00000000a0000000, 0x0000000100000000)
  region size 1024K, 25 young (25600K), 2 survivors (2048K)
 Metaspace       used 33610K, committed 33920K, reserved 1081344K
  class space    used 4589K, committed 4672K, reserved 1048576K
}
Event: 8.731 GC heap after
{Heap after GC invocations=8 (full 0):
 garbage-first heap   total 61440K, used 21786K [0x00000000a0000000, 0x0000000100000000)
  region size 1024K, 3 young (3072K), 3 survivors (3072K)
 Metaspace       used 33610K, committed 33920K, reserved 1081344K
  class space    used 4589K, committed 4672K, reserved 1048576K
}
Event: 8.974 GC heap before
{Heap before GC invocations=8 (full 0):
 garbage-first heap   total 61440K, used 24858K [0x00000000a0000000, 0x0000000100000000)
  region size 1024K, 8 young (8192K), 3 survivors (3072K)
 Metaspace       used 35660K, committed 35968K, reserved 1081344K
  class space    used 4719K, committed 4864K, reserved 1048576K
}
Event: 8.979 GC heap after
{Heap after GC invocations=9 (full 0):
 garbage-first heap   total 61440K, used 22606K [0x00000000a0000000, 0x0000000100000000)
  region size 1024K, 3 young (3072K), 3 survivors (3072K)
 Metaspace       used 35660K, committed 35968K, reserved 1081344K
  class space    used 4719K, committed 4864K, reserved 1048576K
}
Event: 9.635 GC heap before
{Heap before GC invocations=10 (full 0):
 garbage-first heap   total 61440K, used 43086K [0x00000000a0000000, 0x0000000100000000)
  region size 1024K, 24 young (24576K), 3 survivors (3072K)
 Metaspace       used 38506K, committed 38848K, reserved 1089536K
  class space    used 5052K, committed 5184K, reserved 1048576K
}
Event: 9.642 GC heap after
{Heap after GC invocations=11 (full 0):
 garbage-first heap   total 61440K, used 25523K [0x00000000a0000000, 0x0000000100000000)
  region size 1024K, 3 young (3072K), 3 survivors (3072K)
 Metaspace       used 38506K, committed 38848K, reserved 1089536K
  class space    used 5052K, committed 5184K, reserved 1048576K
}
Event: 9.649 GC heap before
{Heap before GC invocations=11 (full 0):
 garbage-first heap   total 61440K, used 26547K [0x00000000a0000000, 0x0000000100000000)
  region size 1024K, 4 young (4096K), 3 survivors (3072K)
 Metaspace       used 38506K, committed 38848K, reserved 1089536K
  class space    used 5052K, committed 5184K, reserved 1048576K
}
Event: 9.653 GC heap after
{Heap after GC invocations=12 (full 0):
 garbage-first heap   total 61440K, used 25917K [0x00000000a0000000, 0x0000000100000000)
  region size 1024K, 1 young (1024K), 1 survivors (1024K)
 Metaspace       used 38506K, committed 38848K, reserved 1089536K
  class space    used 5052K, committed 5184K, reserved 1048576K
}
Event: 11.634 GC heap before
{Heap before GC invocations=12 (full 0):
 garbage-first heap   total 61440K, used 39229K [0x00000000a0000000, 0x0000000100000000)
  region size 1024K, 14 young (14336K), 1 survivors (1024K)
 Metaspace       used 39905K, committed 40192K, reserved 1089536K
  class space    used 5254K, committed 5376K, reserved 1048576K
}
Event: 11.641 GC heap after
{Heap after GC invocations=13 (full 0):
 garbage-first heap   total 160768K, used 27953K [0x00000000a0000000, 0x0000000100000000)
  region size 1024K, 2 young (2048K), 2 survivors (2048K)
 Metaspace       used 39905K, committed 40192K, reserved 1089536K
  class space    used 5254K, committed 5376K, reserved 1048576K
}
Event: 16.135 GC heap before
{Heap before GC invocations=13 (full 0):
 garbage-first heap   total 160768K, used 107825K [0x00000000a0000000, 0x0000000100000000)
  region size 1024K, 77 young (78848K), 2 survivors (2048K)
 Metaspace       used 48296K, committed 48704K, reserved 1097728K
  class space    used 6362K, committed 6528K, reserved 1048576K
}
Event: 16.144 GC heap after
{Heap after GC invocations=14 (full 0):
 garbage-first heap   total 160768K, used 32375K [0x00000000a0000000, 0x0000000100000000)
  region size 1024K, 7 young (7168K), 7 survivors (7168K)
 Metaspace       used 48296K, committed 48704K, reserved 1097728K
  class space    used 6362K, committed 6528K, reserved 1048576K
}
Event: 23.156 GC heap before
{Heap before GC invocations=14 (full 0):
 garbage-first heap   total 160768K, used 119415K [0x00000000a0000000, 0x0000000100000000)
  region size 1024K, 84 young (86016K), 7 survivors (7168K)
 Metaspace       used 52738K, committed 53184K, reserved 1097728K
  class space    used 6915K, committed 7104K, reserved 1048576K
}
Event: 23.170 GC heap after
{Heap after GC invocations=15 (full 0):
 garbage-first heap   total 160768K, used 49233K [0x00000000a0000000, 0x0000000100000000)
  region size 1024K, 11 young (11264K), 11 survivors (11264K)
 Metaspace       used 52738K, committed 53184K, reserved 1097728K
  class space    used 6915K, committed 7104K, reserved 1048576K
}

