# JRE version: OpenJDK Runtime Environment (17.0.6) (build 17.0.6+0-b2043.56-10027231)
# Java VM: OpenJDK 64-Bit Server VM (17.0.6+0-b2043.56-10027231, mixed mode, tiered, compressed oops, compressed class ptrs, g1 gc, windows-amd64)
GC Precious Log:
 CPUs: 8 total, 8 available
 Memory: 16151M
 Large Page Support: Disabled
 NUMA Support: Disabled
 Compressed Oops: Enabled (32-bit)
 Heap Region Size: 1M
 Heap Min Capacity: 8M
 Heap Initial Capacity: 254M
 Heap Max Capacity: 1536M
 Pre-touch: Disabled
 Parallel Workers: 8
 Concurrent Workers: 2
 Concurrent Refinement Workers: 8
 Periodic GC: Disabled
Heap:
 garbage-first heap   total 132096K, used 110388K [0x00000000a0000000, 0x0000000100000000)
  region size 1024K, 3 young (3072K), 1 survivors (1024K)
 Metaspace       used 84706K, committed 85440K, reserved 1122304K
  class space    used 11497K, committed 11840K, reserved 1048576K
GC Heap History (20 events):
Event: 37.721 GC heap before
{Heap before GC invocations=33 (full 0):
 garbage-first heap   total 132096K, used 109578K [0x00000000a0000000, 0x0000000100000000)
  region size 1024K, 38 young (38912K), 2 survivors (2048K)
 Metaspace       used 75874K, committed 76480K, reserved 1122304K
  class space    used 10225K, committed 10496K, reserved 1048576K
}
Event: 37.728 GC heap after
{Heap after GC invocations=34 (full 0):
 garbage-first heap   total 132096K, used 74762K [0x00000000a0000000, 0x0000000100000000)
  region size 1024K, 4 young (4096K), 4 survivors (4096K)
 Metaspace       used 75874K, committed 76480K, reserved 1122304K
  class space    used 10225K, committed 10496K, reserved 1048576K
}
Event: 39.461 GC heap before
{Heap before GC invocations=34 (full 0):
 garbage-first heap   total 132096K, used 110602K [0x00000000a0000000, 0x0000000100000000)
  region size 1024K, 39 young (39936K), 4 survivors (4096K)
 Metaspace       used 78168K, committed 78784K, reserved 1122304K
  class space    used 10553K, committed 10816K, reserved 1048576K
}
Event: 39.473 GC heap after
{Heap after GC invocations=35 (full 0):
 garbage-first heap   total 132096K, used 77980K [0x00000000a0000000, 0x0000000100000000)
  region size 1024K, 5 young (5120K), 5 survivors (5120K)
 Metaspace       used 78168K, committed 78784K, reserved 1122304K
  class space    used 10553K, committed 10816K, reserved 1048576K
}
Event: 41.103 GC heap before
{Heap before GC invocations=35 (full 0):
 garbage-first heap   total 132096K, used 110748K [0x00000000a0000000, 0x0000000100000000)
  region size 1024K, 37 young (37888K), 5 survivors (5120K)
 Metaspace       used 79841K, committed 80448K, reserved 1122304K
  class space    used 10830K, committed 11072K, reserved 1048576K
}
Event: 41.111 GC heap after
{Heap after GC invocations=36 (full 0):
 garbage-first heap   total 132096K, used 81979K [0x00000000a0000000, 0x0000000100000000)
  region size 1024K, 4 young (4096K), 4 survivors (4096K)
 Metaspace       used 79841K, committed 80448K, reserved 1122304K
  class space    used 10830K, committed 11072K, reserved 1048576K
}
Event: 44.959 GC heap before
{Heap before GC invocations=36 (full 0):
 garbage-first heap   total 132096K, used 109627K [0x00000000a0000000, 0x0000000100000000)
  region size 1024K, 31 young (31744K), 4 survivors (4096K)
 Metaspace       used 80463K, committed 81088K, reserved 1122304K
  class space    used 10890K, committed 11136K, reserved 1048576K
}
Event: 44.971 GC heap after
{Heap after GC invocations=37 (full 0):
 garbage-first heap   total 132096K, used 85720K [0x00000000a0000000, 0x0000000100000000)
  region size 1024K, 4 young (4096K), 4 survivors (4096K)
 Metaspace       used 80463K, committed 81088K, reserved 1122304K
  class space    used 10890K, committed 11136K, reserved 1048576K
}
Event: 48.646 GC heap before
{Heap before GC invocations=37 (full 0):
 garbage-first heap   total 132096K, used 112344K [0x00000000a0000000, 0x0000000100000000)
  region size 1024K, 28 young (28672K), 4 survivors (4096K)
 Metaspace       used 81494K, committed 82112K, reserved 1122304K
  class space    used 11065K, committed 11328K, reserved 1048576K
}
Event: 48.652 GC heap after
{Heap after GC invocations=38 (full 0):
 garbage-first heap   total 132096K, used 94298K [0x00000000a0000000, 0x0000000100000000)
  region size 1024K, 4 young (4096K), 4 survivors (4096K)
 Metaspace       used 81494K, committed 82112K, reserved 1122304K
  class space    used 11065K, committed 11328K, reserved 1048576K
}
Event: 50.583 GC heap before
{Heap before GC invocations=38 (full 0):
 garbage-first heap   total 132096K, used 109658K [0x00000000a0000000, 0x0000000100000000)
  region size 1024K, 20 young (20480K), 4 survivors (4096K)
 Metaspace       used 81673K, committed 82368K, reserved 1122304K
  class space    used 11070K, committed 11392K, reserved 1048576K
}
Event: 50.592 GC heap after
{Heap after GC invocations=39 (full 0):
 garbage-first heap   total 132096K, used 98304K [0x00000000a0000000, 0x0000000100000000)
  region size 1024K, 3 young (3072K), 3 survivors (3072K)
 Metaspace       used 81673K, committed 82368K, reserved 1122304K
  class space    used 11070K, committed 11392K, reserved 1048576K
}
Event: 51.263 GC heap before
{Heap before GC invocations=39 (full 0):
 garbage-first heap   total 132096K, used 113664K [0x00000000a0000000, 0x0000000100000000)
  region size 1024K, 16 young (16384K), 3 survivors (3072K)
 Metaspace       used 82242K, committed 82944K, reserved 1122304K
  class space    used 11169K, committed 11520K, reserved 1048576K
}
Event: 51.270 GC heap after
{Heap after GC invocations=40 (full 0):
 garbage-first heap   total 132096K, used 105094K [0x00000000a0000000, 0x0000000100000000)
  region size 1024K, 2 young (2048K), 2 survivors (2048K)
 Metaspace       used 82242K, committed 82944K, reserved 1122304K
  class space    used 11169K, committed 11520K, reserved 1048576K
}
Event: 51.657 GC heap before
{Heap before GC invocations=40 (full 0):
 garbage-first heap   total 132096K, used 112262K [0x00000000a0000000, 0x0000000100000000)
  region size 1024K, 9 young (9216K), 2 survivors (2048K)
 Metaspace       used 83070K, committed 83840K, reserved 1122304K
  class space    used 11287K, committed 11648K, reserved 1048576K
}
Event: 51.664 GC heap after
{Heap after GC invocations=41 (full 0):
 garbage-first heap   total 132096K, used 106676K [0x00000000a0000000, 0x0000000100000000)
  region size 1024K, 2 young (2048K), 2 survivors (2048K)
 Metaspace       used 83070K, committed 83840K, reserved 1122304K
  class space    used 11287K, committed 11648K, reserved 1048576K
}
Event: 51.868 GC heap before
{Heap before GC invocations=41 (full 0):
 garbage-first heap   total 132096K, used 112820K [0x00000000a0000000, 0x0000000100000000)
  region size 1024K, 8 young (8192K), 2 survivors (2048K)
 Metaspace       used 83620K, committed 84352K, reserved 1122304K
  class space    used 11352K, committed 11712K, reserved 1048576K
}
Event: 51.875 GC heap after
{Heap after GC invocations=42 (full 0):
 garbage-first heap   total 132096K, used 106926K [0x00000000a0000000, 0x0000000100000000)
  region size 1024K, 1 young (1024K), 1 survivors (1024K)
 Metaspace       used 83620K, committed 84352K, reserved 1122304K
  class space    used 11352K, committed 11712K, reserved 1048576K
}
Event: 52.247 GC heap before
{Heap before GC invocations=42 (full 0):
 garbage-first heap   total 132096K, used 114094K [0x00000000a0000000, 0x0000000100000000)
  region size 1024K, 8 young (8192K), 1 survivors (1024K)
 Metaspace       used 84040K, committed 84800K, reserved 1122304K
  class space    used 11409K, committed 11776K, reserved 1048576K
}
Event: 52.251 GC heap after
{Heap after GC invocations=43 (full 0):
 garbage-first heap   total 132096K, used 107773K [0x00000000a0000000, 0x0000000100000000)
  region size 1024K, 1 young (1024K), 1 survivors (1024K)
 Metaspace       used 84040K, committed 84800K, reserved 1122304K
  class space    used 11409K, committed 11776K, reserved 1048576K
}

